# JRE version: OpenJDK Runtime Environment (17.0.7) (build 17.0.7+0-b2043.56-10550314)
# Java VM: OpenJDK 64-Bit Server VM (17.0.7+0-b2043.56-10550314, mixed mode, tiered, compressed oops, compressed class ptrs, g1 gc, windows-amd64)
GC Precious Log:
 CPUs: 4 total, 4 available
 Memory: 16265M
 Large Page Support: Disabled
 NUMA Support: Disabled
 Compressed Oops: Enabled (32-bit)
 Heap Region Size: 1M
 Heap Min Capacity: 8M
 Heap Initial Capacity: 256M
 Heap Max Capacity: 2G
 Pre-touch: Disabled
 Parallel Workers: 4
 Concurrent Workers: 1
 Concurrent Refinement Workers: 4
 Periodic GC: Disabled
Heap:
 garbage-first heap   total 282624K, used 175709K [0x0000000080000000, 0x0000000100000000)
  region size 1024K, 9 young (9216K), 9 survivors (9216K)
 Metaspace       used 95934K, committed 96768K, reserved 1179648K
  class space    used 13299K, committed 13696K, reserved 1048576K
GC Heap History (20 events):
Event: 10.575 GC heap after
{Heap after GC invocations=30 (full 0):
 garbage-first heap   total 128000K, used 93750K [0x0000000080000000, 0x0000000100000000)
  region size 1024K, 1 young (1024K), 1 survivors (1024K)
 Metaspace       used 60073K, committed 60672K, reserved 1114112K
  class space    used 8146K, committed 8448K, reserved 1048576K
}
Event: 10.800 GC heap before
{Heap before GC invocations=31 (full 0):
 garbage-first heap   total 167936K, used 106038K [0x0000000080000000, 0x0000000100000000)
  region size 1024K, 14 young (14336K), 1 survivors (1024K)
 Metaspace       used 61353K, committed 62016K, reserved 1114112K
  class space    used 8325K, committed 8640K, reserved 1048576K
}
Event: 10.802 GC heap after
{Heap after GC invocations=32 (full 0):
 garbage-first heap   total 167936K, used 94160K [0x0000000080000000, 0x0000000100000000)
  region size 1024K, 1 young (1024K), 1 survivors (1024K)
 Metaspace       used 61353K, committed 62016K, reserved 1114112K
  class space    used 8325K, committed 8640K, reserved 1048576K
}
Event: 10.856 GC heap before
{Heap before GC invocations=32 (full 0):
 garbage-first heap   total 167936K, used 100304K [0x0000000080000000, 0x0000000100000000)
  region size 1024K, 8 young (8192K), 1 survivors (1024K)
 Metaspace       used 62206K, committed 62848K, reserved 1114112K
  class space    used 8390K, committed 8704K, reserved 1048576K
}
Event: 10.862 GC heap after
{Heap after GC invocations=33 (full 0):
 garbage-first heap   total 282624K, used 93745K [0x0000000080000000, 0x0000000100000000)
  region size 1024K, 1 young (1024K), 1 survivors (1024K)
 Metaspace       used 62206K, committed 62848K, reserved 1114112K
  class space    used 8390K, committed 8704K, reserved 1048576K
}
Event: 12.525 GC heap before
{Heap before GC invocations=33 (full 0):
 garbage-first heap   total 282624K, used 237105K [0x0000000080000000, 0x0000000100000000)
  region size 1024K, 131 young (134144K), 1 survivors (1024K)
 Metaspace       used 74500K, committed 75200K, reserved 1114112K
  class space    used 10087K, committed 10432K, reserved 1048576K
}
Event: 12.535 GC heap after
{Heap after GC invocations=34 (full 0):
 garbage-first heap   total 282624K, used 106494K [0x0000000080000000, 0x0000000100000000)
  region size 1024K, 9 young (9216K), 9 survivors (9216K)
 Metaspace       used 74500K, committed 75200K, reserved 1114112K
  class space    used 10087K, committed 10432K, reserved 1048576K
}
Event: 13.789 GC heap before
{Heap before GC invocations=34 (full 0):
 garbage-first heap   total 282624K, used 217086K [0x0000000080000000, 0x0000000100000000)
  region size 1024K, 118 young (120832K), 9 survivors (9216K)
 Metaspace       used 82622K, committed 83328K, reserved 1179648K
  class space    used 11193K, committed 11520K, reserved 1048576K
}
Event: 13.803 GC heap after
{Heap after GC invocations=35 (full 0):
 garbage-first heap   total 282624K, used 115047K [0x0000000080000000, 0x0000000100000000)
  region size 1024K, 9 young (9216K), 9 survivors (9216K)
 Metaspace       used 82622K, committed 83328K, reserved 1179648K
  class space    used 11193K, committed 11520K, reserved 1048576K
}
Event: 15.007 GC heap before
{Heap before GC invocations=35 (full 0):
 garbage-first heap   total 282624K, used 221543K [0x0000000080000000, 0x0000000100000000)
  region size 1024K, 112 young (114688K), 9 survivors (9216K)
 Metaspace       used 90911K, committed 91712K, reserved 1179648K
  class space    used 12561K, committed 12928K, reserved 1048576K
}
Event: 15.021 GC heap after
{Heap after GC invocations=36 (full 0):
 garbage-first heap   total 282624K, used 119983K [0x0000000080000000, 0x0000000100000000)
  region size 1024K, 6 young (6144K), 6 survivors (6144K)
 Metaspace       used 90911K, committed 91712K, reserved 1179648K
  class space    used 12561K, committed 12928K, reserved 1048576K
}
Event: 15.068 GC heap before
{Heap before GC invocations=36 (full 0):
 garbage-first heap   total 282624K, used 130223K [0x0000000080000000, 0x0000000100000000)
  region size 1024K, 11 young (11264K), 6 survivors (6144K)
 Metaspace       used 91274K, committed 92096K, reserved 1179648K
  class space    used 12606K, committed 12992K, reserved 1048576K
}
Event: 15.075 GC heap after
{Heap after GC invocations=37 (full 0):
 garbage-first heap   total 282624K, used 128835K [0x0000000080000000, 0x0000000100000000)
  region size 1024K, 7 young (7168K), 7 survivors (7168K)
 Metaspace       used 91274K, committed 92096K, reserved 1179648K
  class space    used 12606K, committed 12992K, reserved 1048576K
}
Event: 15.089 GC heap before
{Heap before GC invocations=37 (full 0):
 garbage-first heap   total 282624K, used 141123K [0x0000000080000000, 0x0000000100000000)
  region size 1024K, 8 young (8192K), 7 survivors (7168K)
 Metaspace       used 91276K, committed 92096K, reserved 1179648K
  class space    used 12606K, committed 12992K, reserved 1048576K
}
Event: 15.095 GC heap after
{Heap after GC invocations=38 (full 0):
 garbage-first heap   total 282624K, used 141084K [0x0000000080000000, 0x0000000100000000)
  region size 1024K, 7 young (7168K), 7 survivors (7168K)
 Metaspace       used 91276K, committed 92096K, reserved 1179648K
  class space    used 12606K, committed 12992K, reserved 1048576K
}
Event: 16.087 GC heap before
{Heap before GC invocations=39 (full 0):
 garbage-first heap   total 282624K, used 242460K [0x0000000080000000, 0x0000000100000000)
  region size 1024K, 101 young (103424K), 7 survivors (7168K)
 Metaspace       used 95904K, committed 96704K, reserved 1179648K
  class space    used 13299K, committed 13696K, reserved 1048576K
}
Event: 16.109 GC heap after
{Heap after GC invocations=40 (full 0):
 garbage-first heap   total 282624K, used 162609K [0x0000000080000000, 0x0000000100000000)
  region size 1024K, 13 young (13312K), 13 survivors (13312K)
 Metaspace       used 95904K, committed 96704K, reserved 1179648K
  class space    used 13299K, committed 13696K, reserved 1048576K
}
Event: 16.113 GC heap before
{Heap before GC invocations=40 (full 0):
 garbage-first heap   total 282624K, used 163633K [0x0000000080000000, 0x0000000100000000)
  region size 1024K, 14 young (14336K), 13 survivors (13312K)
 Metaspace       used 95904K, committed 96704K, reserved 1179648K
  class space    used 13299K, committed 13696K, reserved 1048576K
}
Event: 16.125 GC heap after
{Heap after GC invocations=41 (full 0):
 garbage-first heap   total 282624K, used 164265K [0x0000000080000000, 0x0000000100000000)
  region size 1024K, 2 young (2048K), 2 survivors (2048K)
 Metaspace       used 95904K, committed 96704K, reserved 1179648K
  class space    used 13299K, committed 13696K, reserved 1048576K
}
Event: 16.756 GC heap before
{Heap before GC invocations=41 (full 0):
 garbage-first heap   total 282624K, used 232873K [0x0000000080000000, 0x0000000100000000)
  region size 1024K, 69 young (70656K), 2 survivors (2048K)
 Metaspace       used 95934K, committed 96768K, reserved 1179648K
  class space    used 13299K, committed 13696K, reserved 1048576K
}

