# JRE version: OpenJDK Runtime Environment (17.0.7) (build 17.0.7+0-b2043.56-10550314)
# Java VM: OpenJDK 64-Bit Server VM (17.0.7+0-b2043.56-10550314, mixed mode, tiered, compressed oops, compressed class ptrs, g1 gc, windows-amd64)
GC Precious Log:
 CPUs: 4 total, 4 available
 Memory: 16265M
 Large Page Support: Disabled
 NUMA Support: Disabled
 Compressed Oops: Enabled (32-bit)
 Heap Region Size: 1M
 Heap Min Capacity: 8M
 Heap Initial Capacity: 256M
 Heap Max Capacity: 2G
 Pre-touch: Disabled
 Parallel Workers: 4
 Concurrent Workers: 1
 Concurrent Refinement Workers: 4
 Periodic GC: Disabled
Heap:
 garbage-first heap   total 471040K, used 295652K [0x0000000080000000, 0x0000000100000000)
  region size 1024K, 11 young (11264K), 11 survivors (11264K)
 Metaspace       used 123360K, committed 124160K, reserved 1179648K
  class space    used 16925K, committed 17280K, reserved 1048576K
GC Heap History (20 events):
Event: 18.222 GC heap after
{Heap after GC invocations=33 (full 0):
 garbage-first heap   total 235520K, used 114404K [0x0000000080000000, 0x0000000100000000)
  region size 1024K, 13 young (13312K), 13 survivors (13312K)
 Metaspace       used 104512K, committed 105216K, reserved 1179648K
  class space    used 14440K, committed 14784K, reserved 1048576K
}
Event: 19.240 GC heap before
{Heap before GC invocations=33 (full 0):
 garbage-first heap   total 235520K, used 197348K [0x0000000080000000, 0x0000000100000000)
  region size 1024K, 87 young (89088K), 13 survivors (13312K)
 Metaspace       used 106576K, committed 107328K, reserved 1179648K
  class space    used 14605K, committed 14976K, reserved 1048576K
}
Event: 19.260 GC heap after
{Heap after GC invocations=34 (full 0):
 garbage-first heap   total 235520K, used 125156K [0x0000000080000000, 0x0000000100000000)
  region size 1024K, 8 young (8192K), 8 survivors (8192K)
 Metaspace       used 106576K, committed 107328K, reserved 1179648K
  class space    used 14605K, committed 14976K, reserved 1048576K
}
Event: 20.464 GC heap before
{Heap before GC invocations=34 (full 0):
 garbage-first heap   total 235520K, used 190692K [0x0000000080000000, 0x0000000100000000)
  region size 1024K, 73 young (74752K), 8 survivors (8192K)
 Metaspace       used 110935K, committed 111680K, reserved 1179648K
  class space    used 15161K, committed 15488K, reserved 1048576K
}
Event: 20.487 GC heap after
{Heap after GC invocations=35 (full 0):
 garbage-first heap   total 235520K, used 141540K [0x0000000080000000, 0x0000000100000000)
  region size 1024K, 10 young (10240K), 10 survivors (10240K)
 Metaspace       used 110935K, committed 111680K, reserved 1179648K
  class space    used 15161K, committed 15488K, reserved 1048576K
}
Event: 20.695 GC heap before
{Heap before GC invocations=35 (full 0):
 garbage-first heap   total 235520K, used 169188K [0x0000000080000000, 0x0000000100000000)
  region size 1024K, 21 young (21504K), 10 survivors (10240K)
 Metaspace       used 110957K, committed 111680K, reserved 1179648K
  class space    used 15161K, committed 15488K, reserved 1048576K
}
Event: 20.718 GC heap after
{Heap after GC invocations=36 (full 0):
 garbage-first heap   total 471040K, used 157412K [0x0000000080000000, 0x0000000100000000)
  region size 1024K, 7 young (7168K), 7 survivors (7168K)
 Metaspace       used 110957K, committed 111680K, reserved 1179648K
  class space    used 15161K, committed 15488K, reserved 1048576K
}
Event: 21.120 GC heap before
{Heap before GC invocations=36 (full 0):
 garbage-first heap   total 471040K, used 190180K [0x0000000080000000, 0x0000000100000000)
  region size 1024K, 31 young (31744K), 7 survivors (7168K)
 Metaspace       used 113192K, committed 113984K, reserved 1179648K
  class space    used 15396K, committed 15808K, reserved 1048576K
}
Event: 21.136 GC heap after
{Heap after GC invocations=37 (full 0):
 garbage-first heap   total 471040K, used 151268K [0x0000000080000000, 0x0000000100000000)
  region size 1024K, 9 young (9216K), 9 survivors (9216K)
 Metaspace       used 113192K, committed 113984K, reserved 1179648K
  class space    used 15396K, committed 15808K, reserved 1048576K
}
Event: 22.968 GC heap before
{Heap before GC invocations=38 (full 0):
 garbage-first heap   total 471040K, used 282340K [0x0000000080000000, 0x0000000100000000)
  region size 1024K, 141 young (144384K), 9 survivors (9216K)
 Metaspace       used 115713K, committed 116480K, reserved 1179648K
  class space    used 15696K, committed 16064K, reserved 1048576K
}
Event: 22.995 GC heap after
{Heap after GC invocations=39 (full 0):
 garbage-first heap   total 471040K, used 159422K [0x0000000080000000, 0x0000000100000000)
  region size 1024K, 18 young (18432K), 18 survivors (18432K)
 Metaspace       used 115713K, committed 116480K, reserved 1179648K
  class space    used 15696K, committed 16064K, reserved 1048576K
}
Event: 23.048 GC heap before
{Heap before GC invocations=39 (full 0):
 garbage-first heap   total 471040K, used 163518K [0x0000000080000000, 0x0000000100000000)
  region size 1024K, 23 young (23552K), 18 survivors (18432K)
 Metaspace       used 115840K, committed 116672K, reserved 1179648K
  class space    used 15705K, committed 16128K, reserved 1048576K
}
Event: 23.066 GC heap after
{Heap after GC invocations=40 (full 0):
 garbage-first heap   total 471040K, used 158026K [0x0000000080000000, 0x0000000100000000)
  region size 1024K, 3 young (3072K), 3 survivors (3072K)
 Metaspace       used 115840K, committed 116672K, reserved 1179648K
  class space    used 15705K, committed 16128K, reserved 1048576K
}
Event: 26.496 GC heap before
{Heap before GC invocations=40 (full 0):
 garbage-first heap   total 471040K, used 371018K [0x0000000080000000, 0x0000000100000000)
  region size 1024K, 160 young (163840K), 3 survivors (3072K)
 Metaspace       used 120186K, committed 120960K, reserved 1179648K
  class space    used 16318K, committed 16704K, reserved 1048576K
}
Event: 26.555 GC heap after
{Heap after GC invocations=41 (full 0):
 garbage-first heap   total 471040K, used 220388K [0x0000000080000000, 0x0000000100000000)
  region size 1024K, 20 young (20480K), 20 survivors (20480K)
 Metaspace       used 120186K, committed 120960K, reserved 1179648K
  class space    used 16318K, committed 16704K, reserved 1048576K
}
Event: 28.223 GC heap before
{Heap before GC invocations=42 (full 0):
 garbage-first heap   total 471040K, used 322788K [0x0000000080000000, 0x0000000100000000)
  region size 1024K, 127 young (130048K), 20 survivors (20480K)
 Metaspace       used 122840K, committed 123648K, reserved 1179648K
  class space    used 16852K, committed 17216K, reserved 1048576K
}
Event: 28.331 GC heap after
{Heap after GC invocations=43 (full 0):
 garbage-first heap   total 471040K, used 256740K [0x0000000080000000, 0x0000000100000000)
  region size 1024K, 16 young (16384K), 16 survivors (16384K)
 Metaspace       used 122840K, committed 123648K, reserved 1179648K
  class space    used 16852K, committed 17216K, reserved 1048576K
}
Event: 28.394 GC heap before
{Heap before GC invocations=43 (full 0):
 garbage-first heap   total 471040K, used 262884K [0x0000000080000000, 0x0000000100000000)
  region size 1024K, 23 young (23552K), 16 survivors (16384K)
 Metaspace       used 122840K, committed 123648K, reserved 1179648K
  class space    used 16852K, committed 17216K, reserved 1048576K
}
Event: 28.455 GC heap after
{Heap after GC invocations=44 (full 0):
 garbage-first heap   total 471040K, used 255204K [0x0000000080000000, 0x0000000100000000)
  region size 1024K, 3 young (3072K), 3 survivors (3072K)
 Metaspace       used 122840K, committed 123648K, reserved 1179648K
  class space    used 16852K, committed 17216K, reserved 1048576K
}
Event: 29.159 GC heap before
{Heap before GC invocations=44 (full 0):
 garbage-first heap   total 471040K, used 340196K [0x0000000080000000, 0x0000000100000000)
  region size 1024K, 87 young (89088K), 3 survivors (3072K)
 Metaspace       used 123360K, committed 124160K, reserved 1179648K
  class space    used 16925K, committed 17280K, reserved 1048576K
}

