# JRE version: OpenJDK Runtime Environment (17.0.7) (build 17.0.7+0-b2043.56-10550314)
# Java VM: OpenJDK 64-Bit Server VM (17.0.7+0-b2043.56-10550314, mixed mode, tiered, compressed oops, compressed class ptrs, g1 gc, windows-amd64)
GC Precious Log:
 CPUs: 4 total, 4 available
 Memory: 16265M
 Large Page Support: Disabled
 NUMA Support: Disabled
 Compressed Oops: Enabled (32-bit)
 Heap Region Size: 1M
 Heap Min Capacity: 8M
 Heap Initial Capacity: 256M
 Heap Max Capacity: 2G
 Pre-touch: Disabled
 Parallel Workers: 4
 Concurrent Workers: 1
 Concurrent Refinement Workers: 4
 Periodic GC: Disabled
Heap:
 garbage-first heap   total 485376K, used 346624K [0x0000000080000000, 0x0000000100000000)
  region size 1024K, 10 young (10240K), 10 survivors (10240K)
 Metaspace       used 132919K, committed 134336K, reserved 1179648K
  class space    used 18199K, committed 18880K, reserved 1048576K
GC Heap History (20 events):
Event: 257.722 GC heap after
{Heap after GC invocations=61 (full 0):
 garbage-first heap   total 393216K, used 221058K [0x0000000080000000, 0x0000000100000000)
  region size 1024K, 2 young (2048K), 2 survivors (2048K)
 Metaspace       used 119859K, committed 121152K, reserved 1179648K
  class space    used 16201K, committed 16832K, reserved 1048576K
}
Event: 259.030 GC heap before
{Heap before GC invocations=61 (full 0):
 garbage-first heap   total 393216K, used 323458K [0x0000000080000000, 0x0000000100000000)
  region size 1024K, 103 young (105472K), 2 survivors (2048K)
 Metaspace       used 120409K, committed 121664K, reserved 1179648K
  class space    used 16222K, committed 16832K, reserved 1048576K
}
Event: 259.045 GC heap after
{Heap after GC invocations=62 (full 0):
 garbage-first heap   total 393216K, used 230546K [0x0000000080000000, 0x0000000100000000)
  region size 1024K, 12 young (12288K), 12 survivors (12288K)
 Metaspace       used 120409K, committed 121664K, reserved 1179648K
  class space    used 16222K, committed 16832K, reserved 1048576K
}
Event: 264.993 GC heap before
{Heap before GC invocations=63 (full 0):
 garbage-first heap   total 404480K, used 324754K [0x0000000080000000, 0x0000000100000000)
  region size 1024K, 104 young (106496K), 12 survivors (12288K)
 Metaspace       used 121957K, committed 123200K, reserved 1179648K
  class space    used 16431K, committed 17024K, reserved 1048576K
}
Event: 265.014 GC heap after
{Heap after GC invocations=64 (full 0):
 garbage-first heap   total 404480K, used 239978K [0x0000000080000000, 0x0000000100000000)
  region size 1024K, 10 young (10240K), 10 survivors (10240K)
 Metaspace       used 121957K, committed 123200K, reserved 1179648K
  class space    used 16431K, committed 17024K, reserved 1048576K
}
Event: 265.112 GC heap before
{Heap before GC invocations=64 (full 0):
 garbage-first heap   total 404480K, used 249194K [0x0000000080000000, 0x0000000100000000)
  region size 1024K, 19 young (19456K), 10 survivors (10240K)
 Metaspace       used 122312K, committed 123584K, reserved 1179648K
  class space    used 16478K, committed 17088K, reserved 1048576K
}
Event: 265.125 GC heap after
{Heap after GC invocations=65 (full 0):
 garbage-first heap   total 404480K, used 236376K [0x0000000080000000, 0x0000000100000000)
  region size 1024K, 2 young (2048K), 2 survivors (2048K)
 Metaspace       used 122312K, committed 123584K, reserved 1179648K
  class space    used 16478K, committed 17088K, reserved 1048576K
}
Event: 266.510 GC heap before
{Heap before GC invocations=65 (full 0):
 garbage-first heap   total 404480K, used 334680K [0x0000000080000000, 0x0000000100000000)
  region size 1024K, 99 young (101376K), 2 survivors (2048K)
 Metaspace       used 123424K, committed 124736K, reserved 1179648K
  class space    used 16640K, committed 17280K, reserved 1048576K
}
Event: 266.530 GC heap after
{Heap after GC invocations=66 (full 0):
 garbage-first heap   total 404480K, used 249792K [0x0000000080000000, 0x0000000100000000)
  region size 1024K, 13 young (13312K), 13 survivors (13312K)
 Metaspace       used 123424K, committed 124736K, reserved 1179648K
  class space    used 16640K, committed 17280K, reserved 1048576K
}
Event: 267.700 GC heap before
{Heap before GC invocations=67 (full 0):
 garbage-first heap   total 439296K, used 328640K [0x0000000080000000, 0x0000000100000000)
  region size 1024K, 95 young (97280K), 13 survivors (13312K)
 Metaspace       used 123690K, committed 124928K, reserved 1179648K
  class space    used 16672K, committed 17280K, reserved 1048576K
}
Event: 267.720 GC heap after
{Heap after GC invocations=68 (full 0):
 garbage-first heap   total 439296K, used 253724K [0x0000000080000000, 0x0000000100000000)
  region size 1024K, 9 young (9216K), 9 survivors (9216K)
 Metaspace       used 123690K, committed 124928K, reserved 1179648K
  class space    used 16672K, committed 17280K, reserved 1048576K
}
Event: 267.827 GC heap before
{Heap before GC invocations=68 (full 0):
 garbage-first heap   total 439296K, used 264988K [0x0000000080000000, 0x0000000100000000)
  region size 1024K, 21 young (21504K), 9 survivors (9216K)
 Metaspace       used 123709K, committed 124992K, reserved 1179648K
  class space    used 16675K, committed 17280K, reserved 1048576K
}
Event: 267.853 GC heap after
{Heap after GC invocations=69 (full 0):
 garbage-first heap   total 439296K, used 244210K [0x0000000080000000, 0x0000000100000000)
  region size 1024K, 2 young (2048K), 2 survivors (2048K)
 Metaspace       used 123709K, committed 124992K, reserved 1179648K
  class space    used 16675K, committed 17280K, reserved 1048576K
}
Event: 269.244 GC heap before
{Heap before GC invocations=69 (full 0):
 garbage-first heap   total 439296K, used 350706K [0x0000000080000000, 0x0000000100000000)
  region size 1024K, 108 young (110592K), 2 survivors (2048K)
 Metaspace       used 125660K, committed 126976K, reserved 1179648K
  class space    used 16985K, committed 17600K, reserved 1048576K
}
Event: 269.257 GC heap after
{Heap after GC invocations=70 (full 0):
 garbage-first heap   total 439296K, used 250234K [0x0000000080000000, 0x0000000100000000)
  region size 1024K, 8 young (8192K), 8 survivors (8192K)
 Metaspace       used 125660K, committed 126976K, reserved 1179648K
  class space    used 16985K, committed 17600K, reserved 1048576K
}
Event: 270.430 GC heap before
{Heap before GC invocations=71 (full 0):
 garbage-first heap   total 485376K, used 415098K [0x0000000080000000, 0x0000000100000000)
  region size 1024K, 116 young (118784K), 8 survivors (8192K)
 Metaspace       used 129607K, committed 131008K, reserved 1179648K
  class space    used 17559K, committed 18240K, reserved 1048576K
}
Event: 270.474 GC heap after
{Heap after GC invocations=72 (full 0):
 garbage-first heap   total 485376K, used 317221K [0x0000000080000000, 0x0000000100000000)
  region size 1024K, 15 young (15360K), 15 survivors (15360K)
 Metaspace       used 129607K, committed 131008K, reserved 1179648K
  class space    used 17559K, committed 18240K, reserved 1048576K
}
Event: 270.545 GC heap before
{Heap before GC invocations=72 (full 0):
 garbage-first heap   total 485376K, used 325413K [0x0000000080000000, 0x0000000100000000)
  region size 1024K, 23 young (23552K), 15 survivors (15360K)
 Metaspace       used 129632K, committed 131008K, reserved 1179648K
  class space    used 17563K, committed 18240K, reserved 1048576K
}
Event: 270.579 GC heap after
{Heap after GC invocations=73 (full 0):
 garbage-first heap   total 485376K, used 316416K [0x0000000080000000, 0x0000000100000000)
  region size 1024K, 3 young (3072K), 3 survivors (3072K)
 Metaspace       used 129632K, committed 131008K, reserved 1179648K
  class space    used 17563K, committed 18240K, reserved 1048576K
}
Event: 271.945 GC heap before
{Heap before GC invocations=73 (full 0):
 garbage-first heap   total 485376K, used 393216K [0x0000000080000000, 0x0000000100000000)
  region size 1024K, 79 young (80896K), 3 survivors (3072K)
 Metaspace       used 132919K, committed 134336K, reserved 1179648K
  class space    used 18199K, committed 18880K, reserved 1048576K
}

